c:\users\willi\documents\github\game-engines-4\game_engine_c++\game_engine_c++\debug\vc142.pdb
c:\users\willi\documents\github\game-engines-4\game_engine_c++\game_engine_c++\debug\vc142.idb
c:\users\willi\documents\github\game-engines-4\game_engine_c++\game_engine_c++\debug\window.obj
c:\users\willi\documents\github\game-engines-4\game_engine_c++\game_engine_c++\debug\main.obj
c:\users\willi\documents\github\game-engines-4\game_engine_c++\game_engine_c++\debug\mainengine.obj
c:\users\willi\documents\github\game-engines-4\game_engine_c++\game_engine_c++\debug\timer.obj
c:\users\willi\documents\github\game-engines-4\game_engine_c++\game_engine_c++\debug\debugger.obj
c:\users\willi\documents\github\game-engines-4\game_engine_c++\game_engine_c++\debug\game_1.obj
c:\users\willi\documents\github\game-engines-4\game_engine_c++\game_engine_c++\debug\gameinterface.obj
c:\users\willi\documents\github\game-engines-4\game_engine_c++\game_engine_c++\debug\startscene.obj
c:\users\willi\documents\github\game-engines-4\game_engine_c++\game_engine_c++\debug\scene.obj
c:\users\willi\documents\github\game-engines-4\game_engine_c++\game_engine_c++\debug\gamescene.obj
c:\users\willi\documents\github\game-engines-4\game_engine_c++\game_engine_c++\debug\model.obj
c:\users\willi\documents\github\game-engines-4\game_engine_c++\game_engine_c++\debug\gameobject.obj
c:\users\willi\documents\github\game-engines-4\game_engine_c++\game_engine_c++\debug\shaderhandler.obj
c:\users\willi\documents\github\game-engines-4\game_engine_c++\game_engine_c++\debug\mesh.obj
c:\users\willi\documents\github\game-engines-4\game_engine_c++\debug\game_engine_c++.exe
c:\users\willi\documents\github\game-engines-4\game_engine_c++\debug\game_engine_c++.ilk
c:\users\willi\documents\github\game-engines-4\game_engine_c++\debug\game_engine_c++.pdb
c:\users\willi\documents\github\game-engines-4\game_engine_c++\game_engine_c++\debug\game_engine_c++.tlog\cl.command.1.tlog
c:\users\willi\documents\github\game-engines-4\game_engine_c++\game_engine_c++\debug\game_engine_c++.tlog\cl.read.1.tlog
c:\users\willi\documents\github\game-engines-4\game_engine_c++\game_engine_c++\debug\game_engine_c++.tlog\cl.write.1.tlog
c:\users\willi\documents\github\game-engines-4\game_engine_c++\game_engine_c++\debug\game_engine_c++.tlog\link.command.1.tlog
c:\users\willi\documents\github\game-engines-4\game_engine_c++\game_engine_c++\debug\game_engine_c++.tlog\link.read.1.tlog
c:\users\willi\documents\github\game-engines-4\game_engine_c++\game_engine_c++\debug\game_engine_c++.tlog\link.write.1.tlog
